<?xml version="1.0" encoding="UTF-8"?>
<testsuite name="Math" tests="1" skipped="0" failures="0" errors="0" timestamp="2019-06-28T09:16:53" hostname="SSAHMLTW02848" time="0.016">
  <properties/>
  <testcase name="calc" classname="Math" time="0.016"/>
  <system-out><![CDATA[17
-1
72
]]></system-out>
  <system-err><![CDATA[]]></system-err>
</testsuite>
