<?xml version="1.0" encoding="UTF-8"?>
<testsuite name="Math" tests="3" skipped="0" failures="0" errors="0" timestamp="2019-08-01T18:10:03" hostname="PraveenShukla" time="0.003">
  <properties/>
  <testcase name="add" classname="Math" time="0.003"/>
  <testcase name="sub" classname="Math" time="0.0"/>
  <testcase name="mult" classname="Math" time="0.0"/>
  <system-out><![CDATA[17
-1
72
]]></system-out>
  <system-err><![CDATA[]]></system-err>
</testsuite>
